Flow report for NeonFox
Tue Apr 12 21:14:08 2022
Quartus Prime Version 18.1.0 Build 625 09/12/2018 SJ Lite Edition


---------------------
; Table of Contents ;
---------------------
  1. Legal Notice
  2. Flow Summary
  3. Flow Settings
  4. Flow Non-Default Global Settings
  5. Flow Elapsed Time
  6. Flow OS Summary
  7. Flow Log
  8. Flow Messages
  9. Flow Suppressed Messages



----------------
; Legal Notice ;
----------------
Copyright (C) 2018  Intel Corporation. All rights reserved.
Your use of Intel Corporation's design tools, logic functions 
and other software and tools, and its AMPP partner logic 
functions, and any output files from any of the foregoing 
(including device programming or simulation files), and any 
associated documentation or information are expressly subject 
to the terms and conditions of the Intel Program License 
Subscription Agreement, the Intel Quartus Prime License Agreement,
the Intel FPGA IP License Agreement, or other applicable license
agreement, including, without limitation, that your use is for
the sole purpose of programming logic devices manufactured by
Intel and sold by Intel or its authorized distributors.  Please
refer to the applicable agreement for further details.



+----------------------------------------------------------------------------------+
; Flow Summary                                                                     ;
+------------------------------------+---------------------------------------------+
; Flow Status                        ; Successful - Tue Apr 12 21:14:08 2022       ;
; Quartus Prime Version              ; 18.1.0 Build 625 09/12/2018 SJ Lite Edition ;
; Revision Name                      ; NeonFox                                     ;
; Top-level Entity Name              ; NeonFox_PVP                                 ;
; Family                             ; Cyclone 10 LP                               ;
; Device                             ; 10CL016YU484C8G                             ;
; Timing Models                      ; Final                                       ;
; Total logic elements               ; 5,056 / 15,408 ( 33 % )                     ;
;     Total combinational functions  ; 4,044 / 15,408 ( 26 % )                     ;
;     Dedicated logic registers      ; 3,382 / 15,408 ( 22 % )                     ;
; Total registers                    ; 3382                                        ;
; Total pins                         ; 69 / 341 ( 20 % )                           ;
; Total virtual pins                 ; 0                                           ;
; Total memory bits                  ; 274,432 / 516,096 ( 53 % )                  ;
; Embedded Multiplier 9-bit elements ; 0 / 112 ( 0 % )                             ;
; Total PLLs                         ; 1 / 4 ( 25 % )                              ;
+------------------------------------+---------------------------------------------+


+-----------------------------------------+
; Flow Settings                           ;
+-------------------+---------------------+
; Option            ; Setting             ;
+-------------------+---------------------+
; Start date & time ; 04/12/2022 21:11:37 ;
; Main task         ; Compilation         ;
; Revision Name     ; NeonFox             ;
+-------------------+---------------------+


+------------------------------------------------------------------------------------------------------------------------------+
; Flow Non-Default Global Settings                                                                                             ;
+--------------------------------------+----------------------------------------+---------------+-------------+----------------+
; Assignment Name                      ; Value                                  ; Default Value ; Entity Name ; Section Id     ;
+--------------------------------------+----------------------------------------+---------------+-------------+----------------+
; COMPILER_SIGNATURE_ID                ; 113780617491.164981949706104           ; --            ; --          ; --             ;
; EDA_DESIGN_INSTANCE_NAME             ; NA                                     ; --            ; --          ; Testbench      ;
; EDA_GENERATE_FUNCTIONAL_NETLIST      ; On                                     ; --            ; --          ; eda_simulation ;
; EDA_NATIVELINK_SIMULATION_TEST_BENCH ; Testbench                              ; --            ; --          ; eda_simulation ;
; EDA_OUTPUT_DATA_FORMAT               ; Systemverilog Hdl                      ; --            ; --          ; eda_simulation ;
; EDA_SIMULATION_TOOL                  ; ModelSim-Altera (SystemVerilog)        ; <None>        ; --          ; --             ;
; EDA_TEST_BENCH_ENABLE_STATUS         ; TEST_BENCH_MODE                        ; --            ; --          ; eda_simulation ;
; EDA_TEST_BENCH_FILE                  ; C_2K_16.v                              ; --            ; --          ; Testbench      ;
; EDA_TEST_BENCH_FILE                  ; C_2K_16.qip                            ; --            ; --          ; Testbench      ;
; EDA_TEST_BENCH_FILE                  ; cache_8K_2S.sv                         ; --            ; --          ; Testbench      ;
; EDA_TEST_BENCH_FILE                  ; interrupt_controller.sv                ; --            ; --          ; Testbench      ;
; EDA_TEST_BENCH_FILE                  ; keyboard.sv                            ; --            ; --          ; Testbench      ;
; EDA_TEST_BENCH_FILE                  ; MSC.v                                  ; --            ; --          ; Testbench      ;
; EDA_TEST_BENCH_FILE                  ; MULTIPLEXED_HEX_DRIVER.sv              ; --            ; --          ; Testbench      ;
; EDA_TEST_BENCH_FILE                  ; NeonFox_test.mif                       ; --            ; --          ; Testbench      ;
; EDA_TEST_BENCH_FILE                  ; PLL0.ppf                               ; --            ; --          ; Testbench      ;
; EDA_TEST_BENCH_FILE                  ; PLL0.qip                               ; --            ; --          ; Testbench      ;
; EDA_TEST_BENCH_FILE                  ; PLL0.v                                 ; --            ; --          ; Testbench      ;
; EDA_TEST_BENCH_FILE                  ; PRG_ROM.qip                            ; --            ; --          ; Testbench      ;
; EDA_TEST_BENCH_FILE                  ; PRG_ROM.v                              ; --            ; --          ; Testbench      ;
; EDA_TEST_BENCH_FILE                  ; ps2_host.sv                            ; --            ; --          ; Testbench      ;
; EDA_TEST_BENCH_FILE                  ; sdr.sv                                 ; --            ; --          ; Testbench      ;
; EDA_TEST_BENCH_FILE                  ; sdr_parameters.sv                      ; --            ; --          ; Testbench      ;
; EDA_TEST_BENCH_FILE                  ; SDRAM_TP16_I.sv                        ; --            ; --          ; Testbench      ;
; EDA_TEST_BENCH_FILE                  ; serial.sv                              ; --            ; --          ; Testbench      ;
; EDA_TEST_BENCH_FILE                  ; T_512_54.qip                           ; --            ; --          ; Testbench      ;
; EDA_TEST_BENCH_FILE                  ; T_512_54.v                             ; --            ; --          ; Testbench      ;
; EDA_TEST_BENCH_FILE                  ; testbench.sv                           ; --            ; --          ; Testbench      ;
; EDA_TEST_BENCH_FILE                  ; timer.sv                               ; --            ; --          ; Testbench      ;
; EDA_TEST_BENCH_FILE                  ; Toplevel.sv                            ; --            ; --          ; Testbench      ;
; EDA_TEST_BENCH_FILE                  ; UART.sv                                ; --            ; --          ; Testbench      ;
; EDA_TEST_BENCH_FILE                  ; XG_palette.qip                         ; --            ; --          ; Testbench      ;
; EDA_TEST_BENCH_FILE                  ; XG_palette.v                           ; --            ; --          ; Testbench      ;
; EDA_TEST_BENCH_FILE                  ; XG_ram.qip                             ; --            ; --          ; Testbench      ;
; EDA_TEST_BENCH_FILE                  ; XG_ram.v                               ; --            ; --          ; Testbench      ;
; EDA_TEST_BENCH_FILE                  ; xgmm.sv                                ; --            ; --          ; Testbench      ;
; EDA_TEST_BENCH_FILE                  ; xgri.sv                                ; --            ; --          ; Testbench      ;
; EDA_TEST_BENCH_FILE                  ; XenonGecko.sv                          ; --            ; --          ; Testbench      ;
; EDA_TEST_BENCH_FILE                  ; Windows95_palette.mif                  ; --            ; --          ; Testbench      ;
; EDA_TEST_BENCH_FILE                  ; CPU/ALU.sv                             ; --            ; --          ; Testbench      ;
; EDA_TEST_BENCH_FILE                  ; CPU/decode_unit.sv                     ; --            ; --          ; Testbench      ;
; EDA_TEST_BENCH_FILE                  ; CPU/hazard_unit.sv                     ; --            ; --          ; Testbench      ;
; EDA_TEST_BENCH_FILE                  ; CPU/NeonFox.sv                         ; --            ; --          ; Testbench      ;
; EDA_TEST_BENCH_FILE                  ; CPU/PC.sv                              ; --            ; --          ; Testbench      ;
; EDA_TEST_BENCH_FILE                  ; CPU/reg_file.sv                        ; --            ; --          ; Testbench      ;
; EDA_TEST_BENCH_MODULE_NAME           ; Testbench                              ; --            ; --          ; Testbench      ;
; EDA_TEST_BENCH_NAME                  ; Testbench                              ; --            ; --          ; eda_simulation ;
; EDA_TEST_BENCH_RUN_SIM_FOR           ; 1 ms                                   ; --            ; --          ; Testbench      ;
; EDA_TIME_SCALE                       ; 1 ps                                   ; --            ; --          ; eda_simulation ;
; FITTER_EFFORT                        ; Standard Fit                           ; Auto Fit      ; --          ; --             ;
; MAX_CORE_JUNCTION_TEMP               ; 85                                     ; --            ; --          ; --             ;
; MIN_CORE_JUNCTION_TEMP               ; 0                                      ; --            ; --          ; --             ;
; MISC_FILE                            ; PLL0_bb.v                              ; --            ; --          ; --             ;
; MISC_FILE                            ; PLL0.ppf                               ; --            ; --          ; --             ;
; MISC_FILE                            ; PRG_ROM_bb.v                           ; --            ; --          ; --             ;
; MISC_FILE                            ; C_2K_16_bb.v                           ; --            ; --          ; --             ;
; MISC_FILE                            ; T_512_54_bb.v                          ; --            ; --          ; --             ;
; OPTIMIZATION_MODE                    ; High Performance Effort                ; Balanced      ; --          ; --             ;
; OUTPUT_IO_TIMING_FAR_END_VMEAS       ; Half Signal Swing                      ; --            ; --          ; --             ;
; OUTPUT_IO_TIMING_FAR_END_VMEAS       ; Half Signal Swing                      ; --            ; --          ; --             ;
; OUTPUT_IO_TIMING_NEAR_END_VMEAS      ; Half Vccio                             ; --            ; --          ; --             ;
; OUTPUT_IO_TIMING_NEAR_END_VMEAS      ; Half Vccio                             ; --            ; --          ; --             ;
; PARTITION_COLOR                      ; -- (Not supported for targeted family) ; --            ; NeonFox_PVP ; Top            ;
; PARTITION_FITTER_PRESERVATION_LEVEL  ; -- (Not supported for targeted family) ; --            ; NeonFox_PVP ; Top            ;
; PARTITION_NETLIST_TYPE               ; -- (Not supported for targeted family) ; --            ; NeonFox_PVP ; Top            ;
; PHYSICAL_SYNTHESIS_COMBO_LOGIC       ; On                                     ; Off           ; --          ; --             ;
; PHYSICAL_SYNTHESIS_REGISTER_RETIMING ; On                                     ; Off           ; --          ; --             ;
; PLACEMENT_EFFORT_MULTIPLIER          ; 4.0                                    ; 1.0           ; --          ; --             ;
; POWER_BOARD_THERMAL_MODEL            ; None (CONSERVATIVE)                    ; --            ; --          ; --             ;
; POWER_PRESET_COOLING_SOLUTION        ; 23 MM HEAT SINK WITH 200 LFPM AIRFLOW  ; --            ; --          ; --             ;
; PROJECT_OUTPUT_DIRECTORY             ; output_files                           ; --            ; --          ; --             ;
; ROUTER_TIMING_OPTIMIZATION_LEVEL     ; MAXIMUM                                ; Normal        ; --          ; --             ;
; TOP_LEVEL_ENTITY                     ; NeonFox_PVP                            ; NeonFox       ; --          ; --             ;
+--------------------------------------+----------------------------------------+---------------+-------------+----------------+


+--------------------------------------------------------------------------------------------------------------------------+
; Flow Elapsed Time                                                                                                        ;
+----------------------+--------------+-------------------------+---------------------+------------------------------------+
; Module Name          ; Elapsed Time ; Average Processors Used ; Peak Virtual Memory ; Total CPU Time (on all processors) ;
+----------------------+--------------+-------------------------+---------------------+------------------------------------+
; Analysis & Synthesis ; 00:00:45     ; 1.1                     ; 771 MB              ; 00:01:18                           ;
; Fitter               ; 00:01:23     ; 1.6                     ; 1603 MB             ; 00:03:23                           ;
; Assembler            ; 00:00:03     ; 1.0                     ; 558 MB              ; 00:00:02                           ;
; Timing Analyzer      ; 00:00:08     ; 1.8                     ; 744 MB              ; 00:00:12                           ;
; EDA Netlist Writer   ; 00:00:03     ; 1.0                     ; 524 MB              ; 00:00:03                           ;
; Total                ; 00:02:22     ; --                      ; --                  ; 00:04:58                           ;
+----------------------+--------------+-------------------------+---------------------+------------------------------------+


+-------------------------------------------------------------------------------------+
; Flow OS Summary                                                                     ;
+----------------------+------------------+-------------+------------+----------------+
; Module Name          ; Machine Hostname ; OS Name     ; OS Version ; Processor type ;
+----------------------+------------------+-------------+------------+----------------+
; Analysis & Synthesis ; WIN-5N11DQU3IJO  ; Windows 8.1 ; 6.3        ; x86_64         ;
; Fitter               ; WIN-5N11DQU3IJO  ; Windows 8.1 ; 6.3        ; x86_64         ;
; Assembler            ; WIN-5N11DQU3IJO  ; Windows 8.1 ; 6.3        ; x86_64         ;
; Timing Analyzer      ; WIN-5N11DQU3IJO  ; Windows 8.1 ; 6.3        ; x86_64         ;
; EDA Netlist Writer   ; WIN-5N11DQU3IJO  ; Windows 8.1 ; 6.3        ; x86_64         ;
+----------------------+------------------+-------------+------------+----------------+


------------
; Flow Log ;
------------
quartus_map --read_settings_files=on --write_settings_files=off NeonFox_SDRAM -c NeonFox
quartus_fit --read_settings_files=off --write_settings_files=off NeonFox_SDRAM -c NeonFox
quartus_asm --read_settings_files=off --write_settings_files=off NeonFox_SDRAM -c NeonFox
quartus_sta NeonFox_SDRAM -c NeonFox
quartus_eda --read_settings_files=off --write_settings_files=off NeonFox_SDRAM -c NeonFox



